<?xml version="1.0" encoding="UTF-8"?>
<coverage generated="1594665118202" clover="3.2.0">
  <project timestamp="1594665118202" name="All files">
    <metrics statements="14" coveredstatements="11" conditionals="8" coveredconditionals="5" methods="4" coveredmethods="4" elements="26" coveredelements="20" complexity="0" loc="14" ncloc="14" packages="1" files="4" classes="4"/>
    <file name="all.js" path="C:\Users\USER\Desktop\Jest\all.js">
      <metrics statements="2" coveredstatements="2" conditionals="0" coveredconditionals="0" methods="0" coveredmethods="0"/>
      <line num="1" count="1" type="stmt"/>
      <line num="3" count="1" type="stmt"/>
    </file>
    <file name="input.js" path="C:\Users\USER\Desktop\Jest\input.js">
      <metrics statements="8" coveredstatements="5" conditionals="8" coveredconditionals="5" methods="1" coveredmethods="1"/>
      <line num="2" count="1" type="cond" truecount="1" falsecount="1"/>
      <line num="3" count="0" type="stmt"/>
      <line num="5" count="1" type="cond" truecount="3" falsecount="1"/>
      <line num="6" count="0" type="stmt"/>
      <line num="8" count="1" type="cond" truecount="1" falsecount="1"/>
      <line num="9" count="0" type="stmt"/>
      <line num="11" count="1" type="stmt"/>
      <line num="13" count="1" type="stmt"/>
    </file>
    <file name="say.js" path="C:\Users\USER\Desktop\Jest\say.js">
      <metrics statements="2" coveredstatements="2" conditionals="0" coveredconditionals="0" methods="1" coveredmethods="1"/>
      <line num="2" count="1" type="stmt"/>
      <line num="5" count="1" type="stmt"/>
    </file>
    <file name="sum.js" path="C:\Users\USER\Desktop\Jest\sum.js">
      <metrics statements="2" coveredstatements="2" conditionals="0" coveredconditionals="0" methods="2" coveredmethods="2"/>
      <line num="1" count="6" type="stmt"/>
      <line num="3" count="1" type="stmt"/>
    </file>
  </project>
</coverage>
