TN:
SF:all.js
FNF:0
FNH:0
DA:1,1
DA:3,1
LF:2
LH:2
BRF:0
BRH:0
end_of_record
TN:
SF:input.js
FN:1,nameFilter
FNF:1
FNH:1
FNDA:1,nameFilter
DA:2,1
DA:3,0
DA:5,1
DA:6,0
DA:8,1
DA:9,0
DA:11,1
DA:13,1
LF:8
LH:5
BRDA:2,0,0,0
BRDA:2,0,1,1
BRDA:5,1,0,0
BRDA:5,1,1,1
BRDA:5,2,0,1
BRDA:5,2,1,1
BRDA:8,3,0,0
BRDA:8,3,1,1
BRF:8
BRH:5
end_of_record
TN:
SF:say.js
FN:1,sayHello
FNF:1
FNH:1
FNDA:1,sayHello
DA:2,1
DA:5,1
LF:2
LH:2
BRF:0
BRH:0
end_of_record
TN:
SF:sum.js
FN:1,(anonymous_0)
FN:1,(anonymous_1)
FNF:2
FNH:2
FNDA:4,(anonymous_0)
FNDA:6,(anonymous_1)
DA:1,6
DA:3,1
LF:2
LH:2
BRF:0
BRH:0
end_of_record
